<?xml version="1.0" encoding="UTF-8"?>
<testsuite xmlns:xsi="http://www.w3.org/2001/XMLSchema-instance" xsi:noNamespaceSchemaLocation="https://maven.apache.org/surefire/maven-surefire-plugin/xsd/surefire-test-report.xsd" version="3.0.1" name="com.ontariotechu.sofe3980U.HelloControllerTest" time="0.638" tests="2" errors="0" skipped="0" failures="0">
  <properties>
[...]
</properties>
  <testcase name="getDefault" classname="com.ontariotechu.sofe3980U.HelloControllerTest" time="0.036">
    <system-out><![CDATA[2025-02-06 20:51:19.469  INFO 22700 --- [           main] .b.t.a.w.s.WebMvcTestContextBootstrapper : Neither @ContextConfiguration nor @ContextHierarchy found for test class [com.ontariotechu.sofe3980U.HelloControllerTest], using SpringBootContextLoader
2025-02-06 20:51:19.472  INFO 22700 --- [           main] o.s.t.c.support.AbstractContextLoader    : Could not detect default resource locations for test class [com.ontariotechu.sofe3980U.HelloControllerTest]: no resource found for suffixes {-context.xml, Context.groovy}.
2025-02-06 20:51:19.472  INFO 22700 --- [           main] t.c.s.AnnotationConfigContextLoaderUtils : Could not detect default configuration classes for test class [com.ontariotechu.sofe3980U.HelloControllerTest]: HelloControllerTest does not declare any static, non-private, non-final, nested classes annotated with @Configuration.
2025-02-06 20:51:19.478  INFO 22700 --- [           main] .b.t.c.SpringBootTestContextBootstrapper : Found @SpringBootConfiguration com.ontariotechu.sofe3980U.Application for test class com.ontariotechu.sofe3980U.HelloControllerTest
2025-02-06 20:51:19.479  INFO 22700 --- [           main] .b.t.a.w.s.WebMvcTestContextBootstrapper : Loaded default TestExecutionListener class names from location [META-INF/spring.factories]: [org.springframework.boot.test.mock.mockito.MockitoTestExecutionListener, org.springframework.boot.test.mock.mockito.ResetMocksTestExecutionListener, org.springframework.boot.test.autoconfigure.restdocs.RestDocsTestExecutionListener, org.springframework.boot.test.autoconfigure.web.client.MockRestServiceServerResetTestExecutionListener, org.springframework.boot.test.autoconfigure.web.servlet.MockMvcPrintOnlyOnFailureTestExecutionListener, org.springframework.boot.test.autoconfigure.web.servlet.WebDriverTestExecutionListener, org.springframework.test.context.web.ServletTestExecutionListener, org.springframework.test.context.support.DirtiesContextBeforeModesTestExecutionListener, org.springframework.test.context.support.DependencyInjectionTestExecutionListener, org.springframework.test.context.support.DirtiesContextTestExecutionListener, org.springframework.test.context.transaction.TransactionalTestExecutionListener, org.springframework.test.context.jdbc.SqlScriptsTestExecutionListener]
2025-02-06 20:51:19.480  INFO 22700 --- [           main] .b.t.a.w.s.WebMvcTestContextBootstrapper : Using TestExecutionListeners: [org.springframework.test.context.web.ServletTestExecutionListener@3d0d120b, org.springframework.test.context.support.DirtiesContextBeforeModesTestExecutionListener@6b5c134e, org.springframework.boot.test.mock.mockito.MockitoTestExecutionListener@34d9df9f, org.springframework.boot.test.autoconfigure.SpringBootDependencyInjectionTestExecutionListener@35c8be21, org.springframework.test.context.support.DirtiesContextTestExecutionListener@60807fd9, org.springframework.boot.test.mock.mockito.ResetMocksTestExecutionListener@6bcdd6e4, org.springframework.boot.test.autoconfigure.restdocs.RestDocsTestExecutionListener@1192c925, org.springframework.boot.test.autoconfigure.web.client.MockRestServiceServerResetTestExecutionListener@615b5480, org.springframework.boot.test.autoconfigure.web.servlet.MockMvcPrintOnlyOnFailureTestExecutionListener@24691c5, org.springframework.boot.test.autoconfigure.web.servlet.WebDriverTestExecutionListener@7b91d9f]

  .   ____          _            __ _ _
 /\\ / ___'_ __ _ _(_)_ __  __ _ \ \ \ \
( ( )\___ | '_ | '_| | '_ \/ _` | \ \ \ \
 \\/  ___)| |_)| | | | | || (_| |  ) ) ) )
  '  |____| .__|_| |_|_| |_\__, | / / / /
 =========|_|==============|___/=/_/_/_/
 :: Spring Boot ::        (v2.1.2.RELEASE)

2025-02-06 20:51:19.510  INFO 22700 --- [           main] c.o.sofe3980U.HelloControllerTest        : Starting HelloControllerTest on XFX with PID 22700 (started by zaina in C:\Users\zaina\Documents\Software Quality\Lab 2\BinaryCalculatorWebapp)
2025-02-06 20:51:19.510  INFO 22700 --- [           main] c.o.sofe3980U.HelloControllerTest        : No active profile set, falling back to default profiles: default
2025-02-06 20:51:19.899  INFO 22700 --- [           main] o.s.s.concurrent.ThreadPoolTaskExecutor  : Initializing ExecutorService 'applicationTaskExecutor'
2025-02-06 20:51:20.070  INFO 22700 --- [           main] o.s.b.t.m.w.SpringBootMockServletContext : Initializing Spring TestDispatcherServlet ''
2025-02-06 20:51:20.071  INFO 22700 --- [           main] o.s.t.web.servlet.TestDispatcherServlet  : Initializing Servlet ''
2025-02-06 20:51:20.084  INFO 22700 --- [           main] o.s.t.web.servlet.TestDispatcherServlet  : Completed initialization in 13 ms
2025-02-06 20:51:20.101  INFO 22700 --- [           main] c.o.sofe3980U.HelloControllerTest        : Started HelloControllerTest in 0.617 seconds (JVM running for 7.866)
]]></system-out>
  </testcase>
  <testcase name="helloWithName" classname="com.ontariotechu.sofe3980U.HelloControllerTest" time="0.008"/>
</testsuite>